<?xml version="1.0" encoding="UTF-8"?>
<!-- Generated by org.testng.reporters.JUnitReportReporter -->
<testsuite skipped="4" hostname="ghgf-PC" name="tests.teleoperator.bdeo.Teleoperator_InterventionTest" tests="6" failures="0" timestamp="06 Nov 2018 10:31:51 GMT" time="88.167" errors="2">
  <testcase name="listOfInterventionForTeleoperator" time="0.000" classname="tests.teleoperator.bdeo.Teleoperator_InterventionTest">
    <skipped/>
  </testcase> <!-- listOfInterventionForTeleoperator -->
  <testcase name="startTest" time="0.009" classname="tests.teleoperator.bdeo.Teleoperator_InterventionTest">
    <error type="java.lang.NullPointerException">
      <![CDATA[java.lang.NullPointerExceptionat com.google.common.base.Preconditions.checkNotNull(Preconditions.java:882)at org.openqa.selenium.support.ui.FluentWait.<init>(FluentWait.java:104)at org.openqa.selenium.support.ui.WebDriverWait.<init>(WebDriverWait.java:71)at org.openqa.selenium.support.ui.WebDriverWait.<init>(WebDriverWait.java:45)at pages.BasePage.waitForElementClickable(BasePage.java:547)at pages.BasePage.click(BasePage.java:453)at pages.HomePage.clickBdeoLogo(HomePage.java:208)at steps.HomePageSteps.clickBdeoLogo(HomePageSteps.java:21)at tests.teleoperator.bdeo.Teleoperator_InterventionTest.startTest(Teleoperator_InterventionTest.java:79)at sun.reflect.NativeMethodAccessorImpl.invoke0(Native Method)at sun.reflect.NativeMethodAccessorImpl.invoke(Unknown Source)at sun.reflect.DelegatingMethodAccessorImpl.invoke(Unknown Source)at java.lang.reflect.Method.invoke(Unknown Source)at org.testng.internal.MethodInvocationHelper.invokeMethod(MethodInvocationHelper.java:124)at org.testng.internal.MethodInvocationHelper.invokeMethodConsideringTimeout(MethodInvocationHelper.java:59)at org.testng.internal.Invoker.invokeConfigurationMethod(Invoker.java:451)at org.testng.internal.Invoker.invokeConfigurations(Invoker.java:222)at org.testng.internal.Invoker.invokeMethod(Invoker.java:516)at org.testng.internal.Invoker.invokeTestMethod(Invoker.java:707)at org.testng.internal.Invoker.invokeTestMethods(Invoker.java:979)at org.testng.internal.TestMethodWorker.invokeTestMethods(TestMethodWorker.java:125)at org.testng.internal.TestMethodWorker.run(TestMethodWorker.java:109)at org.testng.TestRunner.privateRun(TestRunner.java:648)at org.testng.TestRunner.run(TestRunner.java:505)at org.testng.SuiteRunner.runTest(SuiteRunner.java:455)at org.testng.SuiteRunner.runSequentially(SuiteRunner.java:450)at org.testng.SuiteRunner.privateRun(SuiteRunner.java:415)at org.testng.SuiteRunner.run(SuiteRunner.java:364)at org.testng.SuiteRunnerWorker.runSuite(SuiteRunnerWorker.java:52)at org.testng.SuiteRunnerWorker.run(SuiteRunnerWorker.java:84)at org.testng.TestNG.runSuitesSequentially(TestNG.java:1187)at org.testng.TestNG.runSuitesLocally(TestNG.java:1116)at org.testng.TestNG.runSuites(TestNG.java:1028)at org.testng.TestNG.run(TestNG.java:996)at org.testng.remote.AbstractRemoteTestNG.run(AbstractRemoteTestNG.java:114)at org.testng.remote.RemoteTestNG.initAndRun(RemoteTestNG.java:251)at org.testng.remote.RemoteTestNG.main(RemoteTestNG.java:77)]]>
    </error>
  </testcase> <!-- startTest -->
  <testcase name="cancelInterventionForTeleoperatr" time="0.000" classname="tests.teleoperator.bdeo.Teleoperator_InterventionTest">
    <skipped/>
  </testcase> <!-- cancelInterventionForTeleoperatr -->
  <testcase name="viewInterventionForTeleoperator" time="0.000" classname="tests.teleoperator.bdeo.Teleoperator_InterventionTest">
    <skipped/>
  </testcase> <!-- viewInterventionForTeleoperator -->
  <testcase name="addInterventionForTeleoperator" time="0.000" classname="tests.teleoperator.bdeo.Teleoperator_InterventionTest">
    <skipped/>
  </testcase> <!-- addInterventionForTeleoperator -->
  <testcase name="setUp" time="88.158" classname="tests.teleoperator.bdeo.Teleoperator_InterventionTest">
    <error type="java.lang.NullPointerException">
      <![CDATA[java.lang.NullPointerExceptionat sun.reflect.NativeMethodAccessorImpl.invoke0(Native Method)at sun.reflect.NativeMethodAccessorImpl.invoke(Unknown Source)at sun.reflect.DelegatingMethodAccessorImpl.invoke(Unknown Source)at java.lang.reflect.Method.invoke(Unknown Source)at org.openqa.selenium.support.pagefactory.internal.LocatingElementHandler.invoke(LocatingElementHandler.java:51)at com.sun.proxy.$Proxy10.toString(Unknown Source)at java.lang.String.valueOf(Unknown Source)at java.lang.StringBuilder.append(Unknown Source)at org.openqa.selenium.support.ui.ExpectedConditions$10.toString(ExpectedConditions.java:306)at java.lang.String.valueOf(Unknown Source)at java.lang.StringBuilder.append(Unknown Source)at org.openqa.selenium.support.ui.FluentWait.until(FluentWait.java:267)at pages.BasePage.waitForElementVisibility(BasePage.java:507)at pages.BasePage.scrollToElement(BasePage.java:561)at pages.DisclaimerDialogPage.scrollPageToAcceptButton(DisclaimerDialogPage.java:96)at steps.DisclaimerDialogSteps.acceptDisclaimer(DisclaimerDialogSteps.java:62)at steps.CommonSteps.loginAndAcceptDisclaimer(CommonSteps.java:88)at tests.teleoperator.bdeo.Teleoperator_InterventionTest.setUp(Teleoperator_InterventionTest.java:65)at sun.reflect.NativeMethodAccessorImpl.invoke0(Native Method)at sun.reflect.NativeMethodAccessorImpl.invoke(Unknown Source)at sun.reflect.DelegatingMethodAccessorImpl.invoke(Unknown Source)at java.lang.reflect.Method.invoke(Unknown Source)at org.testng.internal.MethodInvocationHelper.invokeMethod(MethodInvocationHelper.java:124)at org.testng.internal.MethodInvocationHelper.invokeMethodConsideringTimeout(MethodInvocationHelper.java:59)at org.testng.internal.Invoker.invokeConfigurationMethod(Invoker.java:451)at org.testng.internal.Invoker.invokeConfigurations(Invoker.java:222)at org.testng.internal.Invoker.invokeConfigurations(Invoker.java:142)at org.testng.internal.TestMethodWorker.invokeBeforeClassMethods(TestMethodWorker.java:163)at org.testng.internal.TestMethodWorker.run(TestMethodWorker.java:105)at org.testng.TestRunner.privateRun(TestRunner.java:648)at org.testng.TestRunner.run(TestRunner.java:505)at org.testng.SuiteRunner.runTest(SuiteRunner.java:455)at org.testng.SuiteRunner.runSequentially(SuiteRunner.java:450)at org.testng.SuiteRunner.privateRun(SuiteRunner.java:415)at org.testng.SuiteRunner.run(SuiteRunner.java:364)at org.testng.SuiteRunnerWorker.runSuite(SuiteRunnerWorker.java:52)at org.testng.SuiteRunnerWorker.run(SuiteRunnerWorker.java:84)at org.testng.TestNG.runSuitesSequentially(TestNG.java:1187)at org.testng.TestNG.runSuitesLocally(TestNG.java:1116)at org.testng.TestNG.runSuites(TestNG.java:1028)at org.testng.TestNG.run(TestNG.java:996)at org.testng.remote.AbstractRemoteTestNG.run(AbstractRemoteTestNG.java:114)at org.testng.remote.RemoteTestNG.initAndRun(RemoteTestNG.java:251)at org.testng.remote.RemoteTestNG.main(RemoteTestNG.java:77)]]>
    </error>
  </testcase> <!-- setUp -->
</testsuite> <!-- tests.teleoperator.bdeo.Teleoperator_InterventionTest -->
