<?xml version="1.0" encoding="UTF-8"?>
<!-- Generated by org.testng.reporters.JUnitReportReporter -->
<testsuite skipped="4" hostname="ghgf-PC" name="tests.agent.tm.Agent_TMAppointmentTests" tests="5" failures="0" timestamp="13 Nov 2018 13:05:15 GMT" time="216.912" errors="1">
  <testcase name="listOfAgentAppointment" time="0.000" classname="tests.agent.tm.Agent_TMAppointmentTests">
    <skipped/>
  </testcase> <!-- listOfAgentAppointment -->
  <testcase name="viewAgentAppointment" time="0.000" classname="tests.agent.tm.Agent_TMAppointmentTests">
    <skipped/>
  </testcase> <!-- viewAgentAppointment -->
  <testcase name="createAgentNewAppointment" time="216.912" classname="tests.agent.tm.Agent_TMAppointmentTests">
    <error type="org.openqa.selenium.WebDriverException" message="chrome not reachable
  (Session info: chrome=70.0.3538.77)
  (Driver info: chromedriver=2.41.578737 (49da6702b16031c40d63e5618de03a32ff6c197e),platform=Windows NT 6.1.7601 SP1 x86_64) (WARNING: The server did not provide any stacktrace information)
Command duration or timeout: 0 milliseconds
Build info: version: &#039;3.13.0&#039;, revision: &#039;2f0d292&#039;, time: &#039;2018-06-25T15:24:21.231Z&#039;
System info: host: &#039;GHGF-PC&#039;, ip: &#039;192.168.0.14&#039;, os.name: &#039;Windows 7&#039;, os.arch: &#039;amd64&#039;, os.version: &#039;6.1&#039;, java.version: &#039;1.8.0_151&#039;
Driver info: org.openqa.selenium.chrome.ChromeDriver
Capabilities {acceptInsecureCerts: true, acceptSslCerts: true, applicationCacheEnabled: false, browserConnectionEnabled: false, browserName: chrome, chrome: {chromedriverVersion: 2.41.578737 (49da6702b16031..., userDataDir: C:\Users\ghgf\AppData\Local...}, cssSelectorsEnabled: true, databaseEnabled: false, goog:chromeOptions: {debuggerAddress: localhost:57286}, handlesAlerts: true, hasTouchScreen: false, javascriptEnabled: true, locationContextEnabled: true, mobileEmulationEnabled: false, nativeEvents: true, networkConnectionEnabled: false, pageLoadStrategy: normal, platform: XP, platformName: XP, rotatable: false, setWindowRect: true, takesHeapSnapshot: true, takesScreenshot: true, unexpectedAlertBehaviour: , unhandledPromptBehavior: , version: 70.0.3538.77, webStorageEnabled: true}
Session ID: 4c0d4541d58180bb138dba1dcca20310
*** Element info: {Using=xpath, value=//table//th}">
      <![CDATA[org.openqa.selenium.WebDriverException: chrome not reachable  (Session info: chrome=70.0.3538.77)  (Driver info: chromedriver=2.41.578737 (49da6702b16031c40d63e5618de03a32ff6c197e),platform=Windows NT 6.1.7601 SP1 x86_64) (WARNING: The server did not provide any stacktrace information)Command duration or timeout: 0 millisecondsBuild info: version: '3.13.0', revision: '2f0d292', time: '2018-06-25T15:24:21.231Z'System info: host: 'GHGF-PC', ip: '192.168.0.14', os.name: 'Windows 7', os.arch: 'amd64', os.version: '6.1', java.version: '1.8.0_151'Driver info: org.openqa.selenium.chrome.ChromeDriverCapabilities {acceptInsecureCerts: true, acceptSslCerts: true, applicationCacheEnabled: false, browserConnectionEnabled: false, browserName: chrome, chrome: {chromedriverVersion: 2.41.578737 (49da6702b16031..., userDataDir: C:\Users\ghgf\AppData\Local...}, cssSelectorsEnabled: true, databaseEnabled: false, goog:chromeOptions: {debuggerAddress: localhost:57286}, handlesAlerts: true, hasTouchScreen: false, javascriptEnabled: true, locationContextEnabled: true, mobileEmulationEnabled: false, nativeEvents: true, networkConnectionEnabled: false, pageLoadStrategy: normal, platform: XP, platformName: XP, rotatable: false, setWindowRect: true, takesHeapSnapshot: true, takesScreenshot: true, unexpectedAlertBehaviour: , unhandledPromptBehavior: , version: 70.0.3538.77, webStorageEnabled: true}Session ID: 4c0d4541d58180bb138dba1dcca20310*** Element info: {Using=xpath, value=//table//th}at sun.reflect.NativeConstructorAccessorImpl.newInstance0(Native Method)at sun.reflect.NativeConstructorAccessorImpl.newInstance(Unknown Source)at sun.reflect.DelegatingConstructorAccessorImpl.newInstance(Unknown Source)at java.lang.reflect.Constructor.newInstance(Unknown Source)at org.openqa.selenium.remote.ErrorHandler.createThrowable(ErrorHandler.java:214)at org.openqa.selenium.remote.ErrorHandler.throwIfResponseFailed(ErrorHandler.java:166)at org.openqa.selenium.remote.http.JsonHttpResponseCodec.reconstructValue(JsonHttpResponseCodec.java:40)at org.openqa.selenium.remote.http.AbstractHttpResponseCodec.decode(AbstractHttpResponseCodec.java:80)at org.openqa.selenium.remote.http.AbstractHttpResponseCodec.decode(AbstractHttpResponseCodec.java:44)at org.openqa.selenium.remote.HttpCommandExecutor.execute(HttpCommandExecutor.java:158)at org.openqa.selenium.remote.service.DriverCommandExecutor.execute(DriverCommandExecutor.java:83)at org.openqa.selenium.remote.RemoteWebDriver.execute(RemoteWebDriver.java:548)at org.openqa.selenium.remote.RemoteWebDriver.findElements(RemoteWebDriver.java:349)at org.openqa.selenium.remote.RemoteWebDriver.findElementsByXPath(RemoteWebDriver.java:428)at org.openqa.selenium.By$ByXPath.findElements(By.java:348)at org.openqa.selenium.remote.RemoteWebDriver.findElements(RemoteWebDriver.java:310)at org.openqa.selenium.support.ui.ExpectedConditions.findElement(ExpectedConditions.java:895)at org.openqa.selenium.support.ui.ExpectedConditions.access$000(ExpectedConditions.java:44)at org.openqa.selenium.support.ui.ExpectedConditions$7.apply(ExpectedConditions.java:206)at org.openqa.selenium.support.ui.ExpectedConditions$7.apply(ExpectedConditions.java:202)at org.openqa.selenium.support.ui.FluentWait.until(FluentWait.java:248)at pages.BasePage.waitForElementVisibility(BasePage.java:512)at pages.BasePage.getTableHeaders(BasePage.java:195)at pages.BasePage.getDataOfColumn(BasePage.java:213)at pages.appointments.AppointmentsPage.isViewBtnVisible(AppointmentsPage.java:113)at steps.appointments.AppointmentsPageSteps.verifyViewBtnVisiblity(AppointmentsPageSteps.java:47)at tests.agent.tm.Agent_TMAppointmentTests.createAgentNewAppointment(Agent_TMAppointmentTests.java:165)at sun.reflect.NativeMethodAccessorImpl.invoke0(Native Method)at sun.reflect.NativeMethodAccessorImpl.invoke(Unknown Source)at sun.reflect.DelegatingMethodAccessorImpl.invoke(Unknown Source)at java.lang.reflect.Method.invoke(Unknown Source)at org.testng.internal.MethodInvocationHelper.invokeMethod(MethodInvocationHelper.java:124)at org.testng.internal.Invoker.invokeMethod(Invoker.java:571)at org.testng.internal.Invoker.invokeTestMethod(Invoker.java:707)at org.testng.internal.Invoker.invokeTestMethods(Invoker.java:979)at org.testng.internal.TestMethodWorker.invokeTestMethods(TestMethodWorker.java:125)at org.testng.internal.TestMethodWorker.run(TestMethodWorker.java:109)at org.testng.TestRunner.privateRun(TestRunner.java:648)at org.testng.TestRunner.run(TestRunner.java:505)at org.testng.SuiteRunner.runTest(SuiteRunner.java:455)at org.testng.SuiteRunner.runSequentially(SuiteRunner.java:450)at org.testng.SuiteRunner.privateRun(SuiteRunner.java:415)at org.testng.SuiteRunner.run(SuiteRunner.java:364)at org.testng.SuiteRunnerWorker.runSuite(SuiteRunnerWorker.java:52)at org.testng.SuiteRunnerWorker.run(SuiteRunnerWorker.java:84)at org.testng.TestNG.runSuitesSequentially(TestNG.java:1187)at org.testng.TestNG.runSuitesLocally(TestNG.java:1116)at org.testng.TestNG.runSuites(TestNG.java:1028)at org.testng.TestNG.run(TestNG.java:996)at org.testng.remote.AbstractRemoteTestNG.run(AbstractRemoteTestNG.java:114)at org.testng.remote.RemoteTestNG.initAndRun(RemoteTestNG.java:251)at org.testng.remote.RemoteTestNG.main(RemoteTestNG.java:77)]]>
    </error>
  </testcase> <!-- createAgentNewAppointment -->
  <testcase name="cancelAgentAppointment" time="0.000" classname="tests.agent.tm.Agent_TMAppointmentTests">
    <skipped/>
  </testcase> <!-- cancelAgentAppointment -->
  <testcase name="updateAgentAppointment" time="0.000" classname="tests.agent.tm.Agent_TMAppointmentTests">
    <skipped/>
  </testcase> <!-- updateAgentAppointment -->
</testsuite> <!-- tests.agent.tm.Agent_TMAppointmentTests -->
