<?xml version="1.0" encoding="UTF-8"?>
<!-- Generated by org.testng.reporters.JUnitReportReporter -->
<testsuite skipped="0" hostname="ghgf-PC" name="tests.slave_web.tm.Slave_TMAgendaTests" tests="1" failures="0" timestamp="27 Sep 2018 11:21:52 GMT" time="57.790" errors="0">
  <testcase name="verifySlaveAgendaPage" time="57.790" classname="tests.slave_web.tm.Slave_TMAgendaTests"/>
</testsuite> <!-- tests.slave_web.tm.Slave_TMAgendaTests -->
